0 info it worked if it ends with ok
1 verbose cli [ 'C:\\Program Files\\nodejs\\\\node.exe',
1 verbose cli   'C:\\Program Files\\nodejs\\node_modules\\npm\\bin\\npm-cli.js',
1 verbose cli   'install' ]
2 info using npm@2.11.3
3 info using node@v0.12.7
4 verbose readDependencies loading dependencies from E:\HTMLJS\MEAN\St-Boniface\package.json
5 verbose install where, deps [ 'E:\\HTMLJS\\MEAN\\St-Boniface',
5 verbose install   [ 'node',
5 verbose install     'bower',
5 verbose install     'http-server',
5 verbose install     'jasmine-core',
5 verbose install     'karma',
5 verbose install     'karma-chrome-launcher',
5 verbose install     'karma-firefox-launcher',
5 verbose install     'karma-jasmine',
5 verbose install     'karma-junit-reporter',
5 verbose install     'protractor',
5 verbose install     'shelljs',
5 verbose install     'body-parser',
5 verbose install     'express',
5 verbose install     'method-override',
5 verbose install     'mongoose',
5 verbose install     'morgan',
5 verbose install     'path',
5 verbose install     'serve-favicon' ] ]
6 verbose install where, peers [ 'E:\\HTMLJS\\MEAN\\St-Boniface', [] ]
7 verbose installManyTop reading for lifecycle E:\HTMLJS\MEAN\St-Boniface\package.json
8 info preinstall st-boniface@0.0.0
9 verbose installManyTop reading scoped package data from E:\HTMLJS\MEAN\St-Boniface\node_modules\body-parser\package.json
10 verbose installManyTop reading scoped package data from E:\HTMLJS\MEAN\St-Boniface\node_modules\bower\package.json
11 verbose installManyTop reading scoped package data from E:\HTMLJS\MEAN\St-Boniface\node_modules\express\package.json
12 verbose installManyTop reading scoped package data from E:\HTMLJS\MEAN\St-Boniface\node_modules\http-server\package.json
13 verbose installManyTop reading scoped package data from E:\HTMLJS\MEAN\St-Boniface\node_modules\jasmine-core\package.json
14 verbose installManyTop reading scoped package data from E:\HTMLJS\MEAN\St-Boniface\node_modules\karma\package.json
15 verbose installManyTop reading scoped package data from E:\HTMLJS\MEAN\St-Boniface\node_modules\karma-chrome-launcher\package.json
16 verbose installManyTop reading scoped package data from E:\HTMLJS\MEAN\St-Boniface\node_modules\karma-firefox-launcher\package.json
17 verbose installManyTop reading scoped package data from E:\HTMLJS\MEAN\St-Boniface\node_modules\karma-jasmine\package.json
18 verbose installManyTop reading scoped package data from E:\HTMLJS\MEAN\St-Boniface\node_modules\karma-junit-reporter\package.json
19 verbose installManyTop reading scoped package data from E:\HTMLJS\MEAN\St-Boniface\node_modules\method-override\package.json
20 verbose installManyTop reading scoped package data from E:\HTMLJS\MEAN\St-Boniface\node_modules\mongoose\package.json
21 verbose installManyTop reading scoped package data from E:\HTMLJS\MEAN\St-Boniface\node_modules\morgan\package.json
22 verbose installManyTop reading scoped package data from E:\HTMLJS\MEAN\St-Boniface\node_modules\path\package.json
23 verbose installManyTop reading scoped package data from E:\HTMLJS\MEAN\St-Boniface\node_modules\protractor\package.json
24 verbose installManyTop reading scoped package data from E:\HTMLJS\MEAN\St-Boniface\node_modules\serve-favicon\package.json
25 verbose installManyTop reading scoped package data from E:\HTMLJS\MEAN\St-Boniface\node_modules\shelljs\package.json
26 info package.json http-server@0.6.1 No license field.
27 info package.json mongoose@3.6.20 No license field.
28 info package.json path@0.12.7 path is also the name of a node core module.
29 info package.json shelljs@0.2.6 No license field.
30 verbose readDependencies loading dependencies from E:\HTMLJS\MEAN\St-Boniface\package.json
31 verbose targetResolver reading package data from E:\HTMLJS\MEAN\St-Boniface\node_modules\body-parser\package.json
32 verbose targetResolver reading package data from E:\HTMLJS\MEAN\St-Boniface\node_modules\bower\package.json
33 verbose targetResolver reading package data from E:\HTMLJS\MEAN\St-Boniface\node_modules\express\package.json
34 verbose targetResolver reading package data from E:\HTMLJS\MEAN\St-Boniface\node_modules\http-server\package.json
35 verbose targetResolver reading package data from E:\HTMLJS\MEAN\St-Boniface\node_modules\jasmine-core\package.json
36 verbose targetResolver reading package data from E:\HTMLJS\MEAN\St-Boniface\node_modules\karma\package.json
37 verbose targetResolver reading package data from E:\HTMLJS\MEAN\St-Boniface\node_modules\karma-chrome-launcher\package.json
38 verbose targetResolver reading package data from E:\HTMLJS\MEAN\St-Boniface\node_modules\karma-firefox-launcher\package.json
39 verbose targetResolver reading package data from E:\HTMLJS\MEAN\St-Boniface\node_modules\karma-jasmine\package.json
40 verbose targetResolver reading package data from E:\HTMLJS\MEAN\St-Boniface\node_modules\karma-junit-reporter\package.json
41 verbose targetResolver reading package data from E:\HTMLJS\MEAN\St-Boniface\node_modules\method-override\package.json
42 verbose targetResolver reading package data from E:\HTMLJS\MEAN\St-Boniface\node_modules\mongoose\package.json
43 verbose targetResolver reading package data from E:\HTMLJS\MEAN\St-Boniface\node_modules\morgan\package.json
44 verbose targetResolver reading package data from E:\HTMLJS\MEAN\St-Boniface\node_modules\path\package.json
45 verbose targetResolver reading package data from E:\HTMLJS\MEAN\St-Boniface\node_modules\protractor\package.json
46 verbose targetResolver reading package data from E:\HTMLJS\MEAN\St-Boniface\node_modules\serve-favicon\package.json
47 verbose targetResolver reading package data from E:\HTMLJS\MEAN\St-Boniface\node_modules\shelljs\package.json
48 verbose targetResolver reading package data from E:\HTMLJS\MEAN\St-Boniface\node_modules\.bin\bower\package.json
49 verbose targetResolver reading package data from E:\HTMLJS\MEAN\St-Boniface\node_modules\.bin\bower.cmd\package.json
50 verbose targetResolver reading package data from E:\HTMLJS\MEAN\St-Boniface\node_modules\.bin\http-server\package.json
51 verbose targetResolver reading package data from E:\HTMLJS\MEAN\St-Boniface\node_modules\.bin\http-server.cmd\package.json
52 verbose targetResolver reading package data from E:\HTMLJS\MEAN\St-Boniface\node_modules\.bin\karma\package.json
53 verbose targetResolver reading package data from E:\HTMLJS\MEAN\St-Boniface\node_modules\.bin\karma.cmd\package.json
54 verbose targetResolver reading package data from E:\HTMLJS\MEAN\St-Boniface\node_modules\.bin\protractor\package.json
55 verbose targetResolver reading package data from E:\HTMLJS\MEAN\St-Boniface\node_modules\.bin\protractor.cmd\package.json
56 verbose targetResolver reading package data from E:\HTMLJS\MEAN\St-Boniface\node_modules\.bin\shjs\package.json
57 verbose targetResolver reading package data from E:\HTMLJS\MEAN\St-Boniface\node_modules\.bin\shjs.cmd\package.json
58 verbose targetResolver reading package data from E:\HTMLJS\MEAN\St-Boniface\node_modules\.bin\webdriver-manager\package.json
59 verbose targetResolver reading package data from E:\HTMLJS\MEAN\St-Boniface\node_modules\.bin\webdriver-manager.cmd\package.json
60 verbose already installed skipping karma-chrome-launcher@^0.1.12 E:\HTMLJS\MEAN\St-Boniface
61 verbose already installed skipping karma-firefox-launcher@^0.1.6 E:\HTMLJS\MEAN\St-Boniface
62 verbose already installed skipping karma-jasmine@^0.3.5 E:\HTMLJS\MEAN\St-Boniface
63 verbose already installed skipping karma-junit-reporter@^0.2.2 E:\HTMLJS\MEAN\St-Boniface
64 verbose already installed skipping protractor@^2.1.0 E:\HTMLJS\MEAN\St-Boniface
65 verbose already installed skipping shelljs@^0.2.6 E:\HTMLJS\MEAN\St-Boniface
66 verbose already installed skipping body-parser@~1.5.2 E:\HTMLJS\MEAN\St-Boniface
67 verbose already installed skipping express@~4.7.2 E:\HTMLJS\MEAN\St-Boniface
68 verbose already installed skipping method-override@~2.1.2 E:\HTMLJS\MEAN\St-Boniface
69 verbose already installed skipping mongoose@~3.6.2 E:\HTMLJS\MEAN\St-Boniface
70 verbose already installed skipping morgan@~1.2.2 E:\HTMLJS\MEAN\St-Boniface
71 verbose already installed skipping path@^0.12.7 E:\HTMLJS\MEAN\St-Boniface
72 verbose already installed skipping serve-favicon@^2.3.0 E:\HTMLJS\MEAN\St-Boniface
73 silly cache add args [ 'node@~4.2.1', null ]
74 verbose cache add spec node@~4.2.1
75 silly cache add parsed spec { raw: 'node@~4.2.1',
75 silly cache add   scope: null,
75 silly cache add   name: 'node',
75 silly cache add   rawSpec: '~4.2.1',
75 silly cache add   spec: '>=4.2.1 <4.3.0',
75 silly cache add   type: 'range' }
76 silly addNamed node@>=4.2.1 <4.3.0
77 verbose addNamed ">=4.2.1 <4.3.0" is a valid semver range for node
78 silly addNameRange { name: 'node', range: '>=4.2.1 <4.3.0', hasData: false }
79 silly mapToRegistry name node
80 silly mapToRegistry using default registry
81 silly mapToRegistry registry https://registry.npmjs.org/
82 silly mapToRegistry uri https://registry.npmjs.org/node
83 verbose addNameRange registry:https://registry.npmjs.org/node not in flight; fetching
84 verbose already installed skipping bower@^1.3.1 E:\HTMLJS\MEAN\St-Boniface
85 verbose already installed skipping http-server@^0.6.1 E:\HTMLJS\MEAN\St-Boniface
86 verbose already installed skipping jasmine-core@^2.3.4 E:\HTMLJS\MEAN\St-Boniface
87 verbose already installed skipping karma@~0.12 E:\HTMLJS\MEAN\St-Boniface
88 verbose request uri https://registry.npmjs.org/node
89 verbose request no auth needed
90 info attempt registry request try #1 at 12:25:54 AM
91 verbose request id b6d721086ad2bcbb
92 verbose etag "4RB0I162TMBFF7IWMPCBRMD3L"
93 http request GET https://registry.npmjs.org/node
94 http 304 https://registry.npmjs.org/node
95 silly get cb [ 304,
95 silly get   { date: 'Wed, 10 Feb 2016 05:25:53 GMT',
95 silly get     via: '1.1 varnish',
95 silly get     'cache-control': 'max-age=300',
95 silly get     etag: '"4RB0I162TMBFF7IWMPCBRMD3L"',
95 silly get     age: '0',
95 silly get     connection: 'keep-alive',
95 silly get     'x-served-by': 'cache-atl6248-ATL',
95 silly get     'x-cache': 'HIT',
95 silly get     'x-cache-hits': '1',
95 silly get     'x-timer': 'S1455081953.595465,VS0,VE40',
95 silly get     vary: 'Accept' } ]
96 verbose etag https://registry.npmjs.org/node from cache
97 verbose get saving node to C:\Users\William\AppData\Roaming\npm-cache\registry.npmjs.org\node\.cache.json
98 silly addNameRange number 2 { name: 'node', range: '>=4.2.1 <4.3.0', hasData: true }
99 silly addNameRange versions [ 'node', [ '0.0.0' ] ]
100 verbose stack Error: No compatible version found: node@'>=4.2.1 <4.3.0'
100 verbose stack Valid install targets:
100 verbose stack ["0.0.0"]
100 verbose stack
100 verbose stack     at installTargetsError (C:\Program Files\nodejs\node_modules\npm\lib\cache\add-named.js:274:12)
100 verbose stack     at next (C:\Program Files\nodejs\node_modules\npm\lib\cache\add-named.js:253:17)
100 verbose stack     at setData (C:\Program Files\nodejs\node_modules\npm\lib\cache\add-named.js:230:5)
100 verbose stack     at RES (C:\Program Files\nodejs\node_modules\npm\node_modules\inflight\inflight.js:23:14)
100 verbose stack     at f (C:\Program Files\nodejs\node_modules\npm\node_modules\once\once.js:17:25)
100 verbose stack     at fixName (C:\Program Files\nodejs\node_modules\npm\lib\cache\add-named.js:29:5)
100 verbose stack     at saved (C:\Program Files\nodejs\node_modules\npm\lib\cache\caching-client.js:173:7)
100 verbose stack     at FSReqWrap.oncomplete (fs.js:95:15)
101 verbose cwd E:\HTMLJS\MEAN\St-Boniface
102 error Windows_NT 6.3.9600
103 error argv "C:\\Program Files\\nodejs\\\\node.exe" "C:\\Program Files\\nodejs\\node_modules\\npm\\bin\\npm-cli.js" "install"
104 error node v0.12.7
105 error npm  v2.11.3
106 error code ETARGET
107 error notarget No compatible version found: node@'>=4.2.1 <4.3.0'
107 error notarget Valid install targets:
107 error notarget ["0.0.0"]
107 error notarget
107 error notarget This is most likely not a problem with npm itself.
107 error notarget In most cases you or one of your dependencies are requesting
107 error notarget a package version that doesn't exist.
107 error notarget
107 error notarget It was specified as a dependency of 'st-boniface'
108 verbose exit [ 1, true ]
